1774595140 79124624 3682322
1774595140 7176 3382 7176 3382
1774536602 7176 3382 7176 3382
1774536600 7176 3382 7176 3382
1774536300 7176 3382 7176 3382
1774536000 7176 3382 7176 3382
1774535700 7176 3382 7176 3382
1774535400 7176 3382 7176 3382
1774535100 7176 3382 7176 3382
1774534800 7176 3382 7176 3382
1774534500 7176 3382 7176 3382
1774534200 7176 3382 7176 3382
1774533900 7176 3382 7176 3382
1774533600 7176 3382 7176 3382
1774533300 7176 3382 7176 3382
1774533000 7176 3382 7176 3382
1774532700 7176 3382 7176 3382
1774532400 7176 3382 7176 3382
1774532100 7176 3382 7176 3382
1774531800 7176 3382 7176 3382
1774531500 7176 3382 7176 3382
1774531200 7176 3382 7176 3382
1774530900 7176 3382 7176 3382
1774530600 7176 3382 7176 3382
1774530300 7176 3382 7176 3382
1774530000 7176 3382 7176 3382
1774529700 7176 3382 7176 3382
1774529400 7176 3382 7176 3382
1774529100 7176 3382 7176 3382
1774528800 7176 3382 7176 3382
1774528500 7176 3382 7176 3382
1774528200 7176 3382 7176 3382
1774527900 7176 3382 7176 3382
1774527600 7176 3382 7176 3382
1774527300 7176 3382 7176 3382
1774527000 7176 3382 7176 3382
1774526700 7176 3382 7176 3382
1774526400 7176 3382 7176 3382
1774526100 7176 3382 7176 3382
1774525800 7176 3382 7176 3382
1774525500 7176 3382 7176 3382
1774525200 7176 3382 7176 3382
1774524900 7176 3382 7176 3382
1774524600 7176 3382 7176 3382
1774524300 7176 3382 7176 3382
1774524000 7176 3382 7176 3382
1774523700 7176 3382 7176 3382
1774523400 7176 3382 7176 3382
1774523100 7176 3382 7176 3382
1774522800 7176 3382 7176 3382
1774522500 7176 3382 7176 3382
1774522200 7176 3382 7176 3382
1774521900 7176 3382 7176 3382
1774521600 7176 3382 7176 3382
1774521300 7176 3382 7176 3382
1774521000 7176 3382 7176 3382
1774520700 7176 3382 7176 3382
1774520400 7176 3382 7176 3382
1774520100 7176 3382 7176 3382
1774519800 7176 3382 7176 3382
1774519500 7176 3382 7176 3382
1774519200 7176 3382 7176 3382
1774518900 7176 3382 7176 3382
1774518600 7176 3382 7176 3382
1774518300 7176 3382 7176 3382
1774518000 7176 3382 7176 3382
1774517700 7176 3382 7176 3382
1774517400 7176 3382 7176 3382
1774517100 7176 3382 7176 3382
1774516800 7176 3382 7176 3382
1774516500 7176 3382 7176 3382
1774516200 7176 3382 7176 3382
1774515900 7176 3382 7176 3382
1774515600 7176 3382 7176 3382
1774515300 7176 3382 7176 3382
1774515000 7176 3382 7176 3382
1774514700 7176 3382 7176 3382
1774514400 7176 3382 7176 3382
1774514100 7176 3382 7176 3382
1774513800 7176 3382 7176 3382
1774513500 7176 3382 7176 3382
1774513200 7176 3382 7176 3382
1774512900 7176 3382 7176 3382
1774512600 7176 3382 7176 3382
1774512300 7176 3382 7176 3382
1774512000 7176 3382 7176 3382
1774511700 7176 3382 7176 3382
1774511400 7176 3382 7176 3382
1774511100 7176 3382 7176 3382
1774510800 7176 3382 7176 3382
1774510500 7176 3382 7176 3382
1774510200 7176 3382 7176 3382
1774509900 7176 3382 7176 3382
1774509600 7176 3382 7176 3382
1774509300 7176 3382 7176 3382
1774509000 7176 3382 7176 3382
1774508700 7176 3382 7176 3382
1774508400 7176 3382 7176 3382
1774508100 7176 3382 7176 3382
1774507800 7176 3382 7176 3382
1774507500 7176 3382 7176 3382
1774507200 7176 3382 7176 3382
1774506900 7176 3382 7176 3382
1774506600 7176 3382 7176 3382
1774506300 7176 3382 7176 3382
1774506000 7176 3382 7176 3382
1774505700 7176 3382 7176 3382
1774505400 7176 3382 7176 3382
1774505100 7176 3382 7176 3382
1774504800 7176 3382 7176 3382
1774504500 7176 3382 7176 3382
1774504200 7176 3382 7176 3382
1774503900 7176 3382 7176 3382
1774503600 7176 3382 7176 3382
1774503300 7176 3382 7176 3382
1774503000 7176 3382 7176 3382
1774502700 7176 3382 7176 3382
1774502400 7176 3382 7176 3382
1774502100 7176 3382 7176 3382
1774501800 7176 3382 7176 3382
1774501500 7176 3382 7176 3382
1774501200 7176 3382 7176 3382
1774500900 7176 3382 7176 3382
1774500600 7176 3382 7176 3382
1774500300 7176 3382 7176 3382
1774500000 7176 3382 7176 3382
1774499700 7176 3382 7176 3382
1774499400 7176 3382 7176 3382
1774499100 7176 3382 7176 3382
1774498800 7176 3382 7176 3382
1774498500 7176 3382 7176 3382
1774498200 7176 3382 7176 3382
1774497900 7176 3382 7176 3382
1774497600 7176 3382 7176 3382
1774497300 7176 3382 7176 3382
1774497000 7176 3382 7176 3382
1774496700 7176 3382 7176 3382
1774496400 7176 3382 7176 3382
1774496100 7176 3382 7176 3382
1774495800 7176 3382 7176 3382
1774495500 7176 3382 7176 3382
1774495200 7176 3382 7176 3382
1774494900 7176 3382 7176 3382
1774494600 7176 3382 7176 3382
1774494300 7176 3382 7176 3382
1774494000 7176 3382 7176 3382
1774493700 7176 3382 7176 3382
1774493400 7176 3382 7176 3382
1774493100 7176 3382 7176 3382
1774492800 7176 3382 7176 3382
1774492500 7176 3382 7176 3382
1774492200 7176 3382 7176 3382
1774491900 7176 3382 7176 3382
1774491600 7176 3382 7176 3382
1774491300 7176 3382 7176 3382
1774491000 7176 3382 7176 3382
1774490700 7176 3382 7176 3382
1774490400 7176 3382 7176 3382
1774490100 7176 3382 7176 3382
1774489800 7176 3382 7176 3382
1774489500 7176 3382 7176 3382
1774489200 7176 3382 7176 3382
1774488900 7176 3382 7176 3382
1774488600 7176 3382 7176 3382
1774488300 7176 3382 7176 3382
1774488000 7176 3382 7176 3382
1774487700 7176 3382 7176 3382
1774487400 7176 3382 7176 3382
1774487100 7176 3382 7176 3382
1774486800 7176 3382 7176 3382
1774486500 7176 3382 7176 3382
1774486200 7176 3382 7176 3382
1774485900 7176 3382 7176 3382
1774485600 7176 3382 7176 3382
1774485300 7176 3382 7176 3382
1774485000 7176 3382 7176 3382
1774484700 7176 3382 7176 3382
1774484400 7176 3382 7176 3382
1774484100 7176 3382 7176 3382
1774483800 7176 3382 7176 3382
1774483500 7176 3382 7176 3382
1774483200 7176 3382 7176 3382
1774482900 7176 3382 7176 3382
1774482600 7176 3382 7176 3382
1774482300 7176 3382 7176 3382
1774482000 7176 3382 7176 3382
1774481700 7176 3382 7176 3382
1774481400 7176 3382 7176 3382
1774481100 7176 3382 7176 3382
1774480800 7176 3382 7176 3382
1774480500 7176 3382 7176 3382
1774480200 7176 3382 7176 3382
1774479900 7176 3382 7176 3382
1774479600 7176 3382 7176 3382
1774479300 7176 3382 7176 3382
1774479000 7176 3382 7176 3382
1774478700 7176 3382 7176 3382
1774478400 7176 3382 7176 3382
1774478100 7176 3382 7176 3382
1774477800 7176 3382 7176 3382
1774477500 7176 3382 7176 3382
1774477200 7176 3382 7176 3382
1774476900 7176 3382 7176 3382
1774476600 7176 3382 7176 3382
1774476300 7176 3382 7176 3382
1774476000 7176 3382 7176 3382
1774475700 7176 3382 7176 3382
1774475400 7176 3382 7176 3382
1774475100 7176 3382 7176 3382
1774474800 7176 3382 7176 3382
1774474500 7176 3382 7176 3382
1774474200 7176 3382 7176 3382
1774473900 7176 3382 7176 3382
1774473600 7176 3382 7176 3382
1774473300 7176 3382 7176 3382
1774473000 7176 3382 7176 3382
1774472700 7176 3382 7176 3382
1774472400 7176 3382 7176 3382
1774472100 7176 3382 7176 3382
1774471800 7176 3382 7176 3382
1774471500 7176 3382 7176 3382
1774471200 7176 3382 7176 3382
1774470900 7176 3382 7176 3382
1774470600 7176 3382 7176 3382
1774470300 7176 3382 7176 3382
1774470000 7176 3382 7176 3382
1774469700 7176 3382 7176 3382
1774469400 7176 3382 7176 3382
1774469100 7176 3382 7176 3382
1774468800 7176 3382 7176 3382
1774468500 7176 3382 7176 3382
1774468200 7176 3382 7176 3382
1774467900 7176 3382 7176 3382
1774467600 7176 3382 7176 3382
1774467300 7176 3382 7176 3382
1774467000 7176 3382 7176 3382
1774466700 7176 3382 7176 3382
1774466400 7176 3382 7176 3382
1774466100 7176 3382 7176 3382
1774465800 7176 3382 7176 3382
1774465500 7176 3382 7176 3382
1774465200 7176 3382 7176 3382
1774464900 7176 3382 7176 3382
1774464600 7176 3382 7176 3382
1774464300 7176 3382 7176 3382
1774464000 7176 3382 7176 3382
1774463700 7176 3382 7176 3382
1774463400 7176 3382 7176 3382
1774463100 7176 3382 7176 3382
1774462800 7176 3382 7176 3382
1774462500 7249 3379 18161 3382
1774462200 18161 2995 18161 2995
1774461900 18161 2995 18161 2995
1774461600 18161 2995 18161 2995
1774461300 18161 2995 18161 2995
1774461000 18161 2995 18161 2995
1774460700 18161 2995 18161 2995
1774460400 18161 2995 18161 2995
1774460100 18161 2995 18161 2995
1774459800 18161 2995 18161 2995
1774459500 18161 2995 18161 2995
1774459200 18161 2995 18161 2995
1774458900 18161 2995 18161 2995
1774458600 18161 2995 18161 2995
1774458300 18161 2995 18161 2995
1774458000 18161 2995 18161 2995
1774457700 18161 2995 18161 2995
1774457400 18161 2995 18161 2995
1774457100 18161 2995 18161 2995
1774456800 18161 2995 18161 2995
1774456500 18161 2995 18161 2995
1774456200 18161 2995 18161 2995
1774455900 18161 2995 18161 2995
1774455600 18161 2995 18161 2995
1774455300 18161 2995 18161 2995
1774455000 18161 2995 18161 2995
1774454700 18161 2995 18161 2995
1774454400 18161 2995 18161 2995
1774454100 18161 2995 18161 2995
1774453800 18161 2995 18161 2995
1774453500 18161 2995 18161 2995
1774453200 18161 2995 18161 2995
1774452900 18161 2995 18161 2995
1774452600 18161 2995 18161 2995
1774452300 18161 2995 18161 2995
1774452000 18161 2995 18161 2995
1774451700 18161 2995 18161 2995
1774451400 18161 2995 18161 2995
1774451100 18161 2995 18161 2995
1774450800 18161 2995 18161 2995
1774450500 18161 2995 18161 2995
1774450200 18161 2995 18161 2995
1774449900 18161 2995 18161 2995
1774449600 18161 2995 18161 2995
1774449300 18161 2995 18161 2995
1774449000 18161 2995 18161 2995
1774448700 18161 2995 18161 2995
1774448400 18161 2995 18161 2995
1774448100 18161 2995 18161 2995
1774447800 18161 2995 18161 2995
1774447500 18161 2995 18161 2995
1774447200 18161 2995 18161 2995
1774446900 18161 2995 18161 2995
1774446600 18161 2995 18161 2995
1774446300 18161 2995 18161 2995
1774446000 18161 2995 18161 2995
1774445700 18161 2995 18161 2995
1774445400 18161 2995 18161 2995
1774445100 18161 2995 18161 2995
1774444800 18161 2995 18161 2995
1774444500 18161 2995 18161 2995
1774444200 18161 2995 18161 2995
1774443900 18161 2995 18161 2995
1774443600 18161 2995 18161 2995
1774443300 18161 2995 18161 2995
1774443000 18161 2995 18161 2995
1774442700 18161 2995 18161 2995
1774442400 18161 2995 18161 2995
1774442100 18161 2995 18161 2995
1774441800 18161 2995 18161 2995
1774441500 18161 2995 18161 2995
1774441200 18161 2995 18161 2995
1774440900 18161 2995 18161 2995
1774440600 18161 2995 18161 2995
1774440300 18161 2995 18161 2995
1774440000 18161 2995 18161 2995
1774439700 18161 2995 18161 2995
1774439400 18161 2995 18161 2995
1774439100 18161 2995 18161 2995
1774438800 18161 2995 18161 2995
1774438500 18161 2995 18161 2995
1774438200 18161 2995 18161 2995
1774437900 18161 2995 18161 2995
1774437600 18161 2995 18161 2995
1774437300 18161 2995 18161 2995
1774437000 18161 2995 18161 2995
1774436700 18161 2995 18161 2995
1774436400 18161 2995 18161 2995
1774436100 18161 2995 18161 2995
1774435800 18161 2995 18161 2995
1774435500 18161 2995 18161 2995
1774435200 18161 2995 18161 2995
1774434900 18161 2995 18161 2995
1774434600 18161 2995 18161 2995
1774434300 18161 2995 18161 2995
1774434000 18161 2995 18161 2995
1774433700 18161 2995 18161 2995
1774433400 18161 2995 18161 2995
1774433100 18161 2995 18161 2995
1774432800 18161 2995 18161 2995
1774432500 18161 2995 18161 2995
1774432200 18161 2995 18161 2995
1774431900 18161 2995 18161 2995
1774431600 18161 2995 18161 2995
1774431300 18161 2995 18161 2995
1774431000 18161 2995 18161 2995
1774430700 18161 2995 18161 2995
1774430400 18161 2995 18161 2995
1774430100 18161 2995 18161 2995
1774429800 18161 2995 18161 2995
1774429500 18161 2995 18161 2995
1774429200 18161 2995 18161 2995
1774428900 18161 2995 18161 2995
1774428600 18161 2995 18161 2995
1774428300 18161 2995 18161 2995
1774428000 18161 2995 18161 2995
1774427700 18161 2995 18161 2995
1774427400 18161 2995 18161 2995
1774427100 18161 2995 18161 2995
1774426800 18161 2995 18161 2995
1774426500 18161 2995 18161 2995
1774426200 18161 2995 18161 2995
1774425900 18161 2995 18161 2995
1774425600 18161 2995 18161 2995
1774425300 18161 2995 18161 2995
1774425000 18161 2995 18161 2995
1774424700 18161 2995 18161 2995
1774424400 18161 2995 18161 2995
1774424100 18161 2995 18161 2995
1774423800 18161 2995 18161 2995
1774423500 18161 2995 18161 2995
1774423200 18161 2995 18161 2995
1774422900 18161 2995 18161 2995
1774422600 18161 2995 18161 2995
1774422300 18161 2995 18161 2995
1774422000 18161 2995 18161 2995
1774421700 18161 2995 18161 2995
1774421400 18161 2995 18161 2995
1774421100 18161 2995 18161 2995
1774420800 18161 2995 18161 2995
1774420500 18161 2995 18161 2995
1774420200 18161 2995 18161 2995
1774419900 18161 2995 18161 2995
1774419600 18161 2995 18161 2995
1774419300 18161 2995 18161 2995
1774419000 18161 2995 18161 2995
1774418700 18161 2995 18161 2995
1774418400 18161 2995 18161 2995
1774418100 18161 2995 18161 2995
1774417800 18161 2995 18161 2995
1774417500 18161 2995 18161 2995
1774417200 18161 2995 18161 2995
1774416900 18161 2995 18161 2995
1774416600 18161 2995 18161 2995
1774416300 18161 2995 18161 2995
1774416000 18161 2995 18161 2995
1774415700 18161 2995 18161 2995
1774415400 18161 2995 18161 2995
1774415100 18161 2995 18161 2995
1774414800 18161 2995 18161 2995
1774414500 18161 2995 18161 2995
1774414200 18161 2995 18161 2995
1774413900 18161 2995 18161 2995
1774413600 18161 2995 18161 2995
1774413300 18161 2995 18161 2995
1774413000 18161 2995 18161 2995
1774412700 18161 2995 18161 2995
1774412400 18161 2995 18161 2995
1774412100 18161 2995 18161 2995
1774411800 18161 2995 18161 2995
1774411500 18161 2995 18161 2995
1774411200 18161 2995 18161 2995
1774410900 18161 2995 18161 2995
1774410600 18161 2995 18161 2995
1774410300 18161 2995 18161 2995
1774410000 18161 2995 18161 2995
1774409700 18161 2995 18161 2995
1774409400 18161 2995 18161 2995
1774409100 18161 2995 18161 2995
1774408800 18161 2995 18161 2995
1774408500 18161 2995 18161 2995
1774408200 18161 2995 18161 2995
1774407900 18161 2995 18161 2995
1774407600 18161 2995 18161 2995
1774407300 18161 2995 18161 2995
1774407000 18161 2995 18161 2995
1774406700 18161 2995 18161 2995
1774406400 18161 2995 18161 2995
1774406100 18161 2995 18161 2995
1774405800 18161 2995 18161 2995
1774405500 18161 2995 18161 2995
1774405200 18161 2995 18161 2995
1774404900 18161 2995 18161 2995
1774404600 18161 2995 18161 2995
1774404300 18161 2995 18161 2995
1774404000 18161 2995 18161 2995
1774403700 18161 2995 18161 2995
1774403400 18161 2995 18161 2995
1774403100 18161 2995 18161 2995
1774402800 18161 2995 18161 2995
1774402500 18161 2995 18161 2995
1774402200 18161 2995 18161 2995
1774401900 18161 2995 18161 2995
1774401600 18161 2995 18161 2995
1774401300 18161 2995 18161 2995
1774401000 18161 2995 18161 2995
1774400700 18161 2995 18161 2995
1774400400 18161 2995 18161 2995
1774400100 18161 2995 18161 2995
1774399800 18161 2995 18161 2995
1774399500 18161 2995 18161 2995
1774399200 18161 2995 18161 2995
1774398900 18161 2995 18161 2995
1774398600 18161 2995 18161 2995
1774398300 18161 2995 18161 2995
1774398000 18161 2995 18161 2995
1774397700 18161 2995 18161 2995
1774397400 18161 2995 18161 2995
1774397100 18161 2995 18161 2995
1774396800 18161 2995 18161 2995
1774396500 18161 2995 18161 2995
1774396200 18161 2995 18161 2995
1774395900 18161 2995 18161 2995
1774395600 18161 2995 18161 2995
1774395300 18161 2995 18161 2995
1774395000 18161 2995 18161 2995
1774394700 18161 2995 18161 2995
1774394400 18161 2995 18161 2995
1774394100 18161 2995 18161 2995
1774393800 18161 2995 18161 2995
1774393500 18161 2995 18161 2995
1774393200 18161 2995 18161 2995
1774392900 18161 2995 18161 2995
1774392600 18161 2995 18161 2995
1774392300 18161 2995 18161 2995
1774392000 18161 2995 18161 2995
1774391700 18161 2995 18161 2995
1774391400 18161 2995 18161 2995
1774391100 18161 2995 18161 2995
1774390800 18161 2995 18161 2995
1774390500 18161 2995 18161 2995
1774390200 18161 2995 18161 2995
1774389900 18161 2995 18161 2995
1774389600 18161 2995 18161 2995
1774389300 18161 2995 18161 2995
1774389000 18161 2995 18161 2995
1774388700 18161 2995 18161 2995
1774388400 18161 2995 18161 2995
1774388100 18161 2995 18161 2995
1774387800 18161 2995 18161 2995
1774387500 18161 2995 18161 2995
1774387200 18161 2995 18161 2995
1774386900 18161 2995 18161 2995
1774386600 18161 2995 18161 2995
1774386300 18161 2995 18161 2995
1774386000 18161 2995 18161 2995
1774385700 18161 2995 18161 2995
1774385400 18161 2995 18161 2995
1774385100 18161 2995 18161 2995
1774384800 18161 2995 18161 2995
1774384500 18161 2995 18161 2995
1774384200 18161 2995 18161 2995
1774383900 18161 2995 18161 2995
1774383600 18161 2995 18161 2995
1774383300 18161 2995 18161 2995
1774383000 18161 2995 18161 2995
1774382700 18161 2995 18161 2995
1774382400 18161 2995 18161 2995
1774382100 18161 2995 18161 2995
1774381800 18161 2995 18161 2995
1774381500 18161 2995 18161 2995
1774381200 18161 2995 18161 2995
1774380900 18161 2995 18161 2995
1774380600 18161 2995 18161 2995
1774380300 18161 2995 18161 2995
1774380000 18161 2995 18161 2995
1774379700 18161 2995 18161 2995
1774379400 18161 2995 18161 2995
1774379100 18161 2995 18161 2995
1774378800 18161 2995 18161 2995
1774378500 18161 2995 18161 2995
1774378200 18161 2995 18161 2995
1774377900 18161 2995 18161 2995
1774377600 18161 2995 18161 2995
1774377300 18161 2995 18161 2995
1774377000 18161 2995 18161 2995
1774376700 18161 2995 18161 2995
1774376400 18161 2995 18161 2995
1774376100 18161 2995 18161 2995
1774375800 18161 2995 18161 2995
1774375500 18161 2995 18161 2995
1774375200 18161 2995 18161 2995
1774374900 18161 2995 18161 2995
1774374600 18161 2995 18161 2995
1774374300 18161 2995 18161 2995
1774374000 18161 2995 18161 2995
1774373700 18161 2995 18161 2995
1774373400 18161 2995 18161 2995
1774373100 18161 2995 18161 2995
1774372800 18161 2995 18161 2995
1774372500 18161 2995 18161 2995
1774372200 18161 2995 18161 2995
1774371900 18161 2995 18161 2995
1774371600 18161 2995 18161 2995
1774371300 18161 2995 18161 2995
1774371000 18161 2995 18161 2995
1774370700 18161 2995 18161 2995
1774370400 18161 2995 18161 2995
1774370100 18161 2995 18161 2995
1774369800 18161 2995 18161 2995
1774369500 18161 2995 18161 2995
1774369200 18161 2995 18161 2995
1774368900 18161 2995 18161 2995
1774368600 18161 2995 18161 2995
1774368300 18161 2995 18161 2995
1774368000 18161 2995 18161 2995
1774367700 18161 2995 18161 2995
1774367400 18161 2995 18161 2995
1774367100 18161 2995 18161 2995
1774366800 18161 2995 18161 2995
1774366500 18161 2995 18161 2995
1774366200 18161 2995 18161 2995
1774365900 18161 2995 18161 2995
1774365600 18161 2995 18161 2995
1774365300 18161 2995 18161 2995
1774365000 18161 2995 18161 2995
1774364700 18161 2995 18161 2995
1774364400 18161 2995 18161 2995
1774364100 18161 2995 18161 2995
1774363800 18161 2995 18161 2995
1774363500 18161 2995 18161 2995
1774363200 18161 2995 18161 2995
1774362900 18161 2995 18161 2995
1774362600 18161 2995 18161 2995
1774362300 18161 2995 18161 2995
1774362000 18161 2995 18161 2995
1774361700 18161 2995 18161 2995
1774361400 18161 2995 18161 2995
1774361100 18161 2995 18161 2995
1774360800 18161 2995 18161 2995
1774360500 18161 2995 18161 2995
1774360200 18161 2995 18161 2995
1774359900 18161 2995 18161 2995
1774359600 18161 2995 18161 2995
1774359300 18161 2995 18161 2995
1774359000 18161 2995 18161 2995
1774358700 18161 2995 18161 2995
1774358400 18161 2995 18161 2995
1774358100 18161 2995 18161 2995
1774357800 18161 2995 18161 2995
1774357500 18161 2995 18161 2995
1774357200 18161 2995 18161 2995
1774356900 18161 2995 18161 2995
1774355400 18161 2995 18161 2995
1774353600 18282 3885 20048 6632
1774351800 2350058 2381526 14008139 14279227
1774350000 34936 3650 122643 9130
1774348200 16788 8658 56407 9130
1774346400 8896 8565 8896 8565
1774344600 8896 8565 8896 8565
1774342800 8896 8565 8896 8565
1774341000 8896 8565 8896 8565
1774339200 8896 8565 8896 8565
1774337400 8896 8565 8896 8565
1774335600 8896 8565 8896 8565
1774333800 8896 8565 8896 8565
1774332000 8896 8565 8896 8565
1774330200 8896 8565 8896 8565
1774328400 8896 8565 8896 8565
1774326600 8896 8565 8896 8565
1774324800 8896 8565 8896 8565
1774323000 8896 8565 8896 8565
1774321200 8896 8565 8896 8565
1774319400 8896 8565 8896 8565
1774317600 8896 8565 8896 8565
1774315800 8896 8565 8896 8565
1774314000 8896 8565 8896 8565
1774312200 8896 8565 8896 8565
1774310400 8896 8565 8896 8565
1774308600 8896 8565 8896 8565
1774306800 8896 8565 8896 8565
1774305000 8896 8565 8896 8565
1774303200 8896 8565 8896 8565
1774301400 8896 8565 8896 8565
1774299600 8896 8565 8896 8565
1774297800 8896 8565 8896 8565
1774296000 8896 8565 8896 8565
1774294200 8896 8565 8896 8565
1774292400 8896 8565 8896 8565
1774290600 8896 8565 8896 8565
1774288800 8896 8565 8896 8565
1774287000 8896 8565 8896 8565
1774285200 8896 8565 8896 8565
1774283400 8896 8565 8896 8565
1774281600 8896 8565 8896 8565
1774279800 8896 8565 8896 8565
1774278000 8896 8565 8896 8565
1774276200 8896 8565 8896 8565
1774274400 8896 8565 8896 8565
1774272600 8896 8565 8896 8565
1774270800 8896 8565 8896 8565
1774269000 8896 8565 8896 8565
1774267200 8896 8565 8896 8565
1774265400 8896 8565 8896 8565
1774263600 8896 8565 8896 8565
1774261800 8896 8565 8896 8565
1774260000 8896 8565 8896 8565
1774258200 8896 8565 8896 8565
1774256400 8896 8565 8896 8565
1774254600 8896 8565 8896 8565
1774252800 8896 8565 8896 8565
1774251000 8896 8565 8896 8565
1774249200 8896 8565 8896 8565
1774247400 8896 8565 8896 8565
1774245600 8896 8565 8896 8565
1774243800 8896 8565 8896 8565
1774242000 8896 8565 8896 8565
1774240200 8896 8565 8896 8565
1774238400 8896 8565 8896 8565
1774236600 8896 8565 8896 8565
1774234800 8896 8565 8896 8565
1774233000 8896 8565 8896 8565
1774231200 8896 8565 8896 8565
1774229400 8896 8565 8896 8565
1774227600 8896 8565 8896 8565
1774225800 8896 8565 8896 8565
1774224000 8896 8565 8896 8565
1774222200 8896 8565 8896 8565
1774220400 8896 8565 8896 8565
1774218600 8896 8565 8896 8565
1774216800 8896 8565 8896 8565
1774215000 8896 8565 8896 8565
1774213200 8896 8565 8896 8565
1774211400 8896 8565 8896 8565
1774209600 8896 8565 8896 8565
1774207800 8896 8565 8896 8565
1774206000 8896 8565 8896 8565
1774204200 8896 8565 8896 8565
1774202400 8896 8565 8896 8565
1774200600 8896 8565 8896 8565
1774198800 2955 2845 8896 8565
1774197000 0 0 0 0
1774195200 67727 2234 202508 6680
1774193400 202508 6680 202508 6680
1774191600 202508 6680 202508 6680
1774189800 202508 6680 202508 6680
1774188000 202607 6680 291760 7382
1774186200 158155 6985 418123 11040
1774184400 173015 8717 397467 13541
1774182600 48069 4934 240534 5766
1774180800 24145 4785 108579 7873
1774179000 93098 5702 198406 17230
1774177200 126921 9797 126921 9797
1774175400 126921 9797 126921 9797
1774173600 126921 9797 126921 9797
1774171800 126921 9797 126921 9797
1774170000 126921 9797 126921 9797
1774168200 126921 9797 126921 9797
1774166400 126921 9797 126921 9797
1774164600 126921 9797 126921 9797
1774162800 126921 9797 126921 9797
1774161000 126921 9797 126921 9797
1774159200 126921 9797 126921 9797
1774157400 126921 9797 126921 9797
1774155600 126921 9797 126921 9797
1774153800 126921 9797 126921 9797
1774152000 126921 9797 126921 9797
1774150200 126921 9797 126921 9797
1774148400 126921 9797 126921 9797
1774146600 126921 9797 126921 9797
1774144800 126921 9797 126921 9797
1774143000 126921 9797 126921 9797
1774141200 126921 9797 126921 9797
1774139400 126921 9797 126921 9797
1774137600 126921 9797 126921 9797
1774135800 126921 9797 126921 9797
1774134000 126921 9797 126921 9797
1774132200 126921 9797 126921 9797
1774130400 126921 9797 126921 9797
1774128600 126921 9797 126921 9797
1774126800 126921 9797 126921 9797
1774125000 126921 9797 126921 9797
1774123200 187710 9413 280326 10230
1774121400 190914 8195 346829 9952
1774119600 185603 8908 332181 9819
1774117800 34687 9050 80726 20493
1774116000 87384 8488 193891 13632
1774114200 87346 8758 160065 13281
1774112400 4319 4511 4319 4511
1774110600 4319 4511 4319 4511
1774108800 4319 4511 4319 4511
1774107000 4319 4511 4319 4511
1774105200 4319 4511 4319 4511
1774103400 4319 4511 4319 4511
1774101600 4319 4511 4319 4511
1774099800 4319 4511 4319 4511
1774098000 4319 4511 4319 4511
1774096200 4319 4511 4319 4511
1774094400 4640 4818 6244 18091
1774092600 6351 5254 21996 18091
1774090800 3932 3741 56135 5139
1774089000 11947 3633 56135 4986
1774087200 21649 3926 72289 7693
1774085400 1906 1194 1906 1194
1774083600 1906 1194 1906 1194
1774081800 1906 1194 1906 1194
1774080000 1906 1194 1906 1194
1774078200 1906 1194 1906 1194
1774076400 1906 1194 1906 1194
1774074600 1906 1194 1906 1194
1774072800 1906 1194 1906 1194
1774071000 1906 1194 1906 1194
1774069200 1906 1194 1906 1194
1774067400 1906 1194 1906 1194
1774065600 1906 1194 1906 1194
1774063800 1906 1194 1906 1194
1774062000 1906 1194 1906 1194
1774060200 1906 1194 1906 1194
1774058400 1906 1194 1906 1194
1774056600 1906 1194 1906 1194
1774054800 1906 1194 1906 1194
1774053000 1906 1194 1906 1194
1774051200 7321 1331 33352 1629
1774049400 33352 1629 33352 1629
1774047600 33352 1629 33352 1629
1774045800 33352 1629 33352 1629
1774044000 33350 1629 33352 1856
1774042200 38269 13110 101907 30959
1774040400 2309398 2367374 6818744 7092928
1774038600 29985 14635 170613 20246
1774036800 83184 8804 170613 14341
1774035000 44898 5124 44898 5124
1774033200 44898 5124 44898 5124
1774031400 44898 5124 44898 5124
1774029600 44898 5124 44898 5124
1774027800 44898 5124 44898 5124
1774026000 44988 5123 207157 5124
1774024200 88061 6267 207157 15548
1774022400 189030 6039 657192 10533
1774020600 291268 11383 367304 13162
1774018800 306667 137907 358722 220950
1774017000 45548 20618 45548 20618
1774015200 45548 20618 45548 20618
1774013400 45548 20618 45548 20618
1774011600 45548 20618 45548 20618
1774009800 45548 20618 45548 20618
1774008000 45548 20618 45548 20618
1774006200 45548 20618 45548 20618
1774004400 45548 20618 45548 20618
1774002600 45548 20618 45548 20618
1774000800 45548 20618 45548 20618
1773999000 45548 20618 45548 20618
1773997200 45548 20618 45548 20618
1773995400 45548 20618 45548 20618
1773993600 45548 20618 45548 20618
1773991800 45548 20618 45548 20618
1773990000 45548 20618 45548 20618
1773988200 45548 20618 45548 20618
1773986400 45548 20618 45548 20618
1773984600 45548 20618 45548 20618
1773982800 45548 20618 45548 20618
1773981000 45548 20618 45548 20618
1773979200 45548 20618 45548 20618
1773977400 45548 20618 45548 20618
1773975600 45548 20618 45548 20618
1773973800 45548 20618 45548 20618
1773972000 45548 20618 45548 20618
1773970200 45548 20618 45548 20618
1773968400 45548 20618 45548 20618
1773966600 45548 20618 45548 20618
1773964800 45548 20618 45548 20618
1773963000 45548 20618 45548 20618
1773961200 45548 20618 45548 20618
1773959400 45548 20618 45548 20618
1773957600 45548 20618 45548 20618
1773955800 45548 20618 45548 20618
1773954000 45548 20618 45548 20618
1773952200 45548 20618 45548 20618
1773950400 45548 20618 45548 20618
1773948600 45548 20618 45548 20618
1773946800 45548 20618 45548 20618
1773945000 45548 20618 45548 20618
1773943200 45548 20618 45548 20618
1773941400 45548 20618 45548 20618
1773939600 45548 20618 45548 20618
1773937800 45072 20380 45548 20618
1773936000 10062 4813 16626 7518
1773934200 3531 2123 3531 2123
1773932400 3531 2123 3531 2123
1773930600 3531 2123 3531 2123
1773928800 3531 2123 3531 2123
1773927000 3531 2123 3531 2123
1773925200 3531 2123 3531 2123
1773923400 3531 2123 3531 2123
1773921600 3531 2123 3531 2123
1773919800 3531 2123 3531 2123
1773918000 3531 2123 3531 2123
1773916200 3531 2123 3531 2123
1773914400 3531 2123 3531 2123
1773912600 3531 2123 3531 2123
1773910800 3531 2123 3531 2123
1773909000 3531 2123 3531 2123
1773907200 3531 2123 3531 2123
1773905400 3531 2123 3531 2123
1773903600 3531 2123 3531 2123
1773901800 3531 2123 3531 2123
1773900000 3531 2123 3531 2123
1773898200 3531 2123 3531 2123
1773896400 3531 2123 3531 2123
1773894600 3531 2123 3531 2123
1773892800 3531 2123 3531 2123
1773891000 3531 2123 3531 2123
1773889200 3531 2123 3531 2123
1773887400 3531 2123 3531 2123
1773885600 3531 2123 3531 2123
1773883800 3531 2123 3531 2123
1773882000 3531 2123 3531 2123
1773880200 3531 2123 3531 2123
1773878400 3531 2123 3531 2123
1773876600 3531 2123 3531 2123
1773874800 3531 2123 3531 2123
1773873000 3531 2123 3531 2123
1773871200 3531 2123 3531 2123
1773869400 3531 2123 3531 2123
1773867600 3531 2123 3531 2123
1773865800 3531 2123 3531 2123
1773864000 3531 2123 3531 2123
1773862200 3531 2123 3531 2123
1773860400 3531 2123 3531 2123
1773858600 3531 2123 3531 2123
1773856800 3531 2123 3531 2123
1773855000 3531 2123 3531 2123
1773853200 3531 2123 3531 2123
1773851400 3531 2123 3531 2123
1773849600 3531 2123 3531 2123
1773847800 3531 2123 3531 2123
1773846000 3531 2123 3531 2123
1773844200 3531 2123 3531 2123
1773842400 3531 2123 3531 2123
1773840600 3531 2123 3531 2123
1773838800 3531 2123 3531 2123
1773837000 3531 2123 3531 2123
1773835200 3531 2123 3531 2123
1773833400 3531 2123 3531 2123
1773831600 3531 2123 3531 2123
1773829800 3531 2123 3531 2123
1773828000 3531 2123 3531 2123
1773826200 3531 2123 3531 2123
1773824400 3531 2123 3531 2123
1773822600 3531 2123 3531 2123
1773820800 3531 2123 3531 2123
1773819000 3531 2123 3531 2123
1773817200 3531 2123 3531 2123
1773815400 3531 2123 3531 2123
1773813600 3531 2123 3531 2123
1773811800 3531 2123 3531 2123
1773810000 3531 2123 3531 2123
1773808200 3531 2123 3531 2123
1773806400 3531 2123 3531 2123
1773804600 3531 2123 3531 2123
1773802800 3531 2123 3531 2123
1773801000 3531 2123 3531 2123
1773799200 3531 2123 3531 2123
1773797400 3531 2123 3531 2123
1773795600 3531 2123 3531 2123
1773793800 3531 2123 3531 2123
1773792000 3531 2123 3531 2123
1773790200 3531 2123 3531 2123
1773788400 3531 2123 3531 2123
1773786600 3531 2123 3531 2123
1773784800 3531 2123 3531 2123
1773783000 3531 2123 3531 2123
1773781200 3531 2123 3531 2123
1773779400 3531 2123 3531 2123
1773777600 3531 2123 3531 2123
1773775800 3531 2123 3531 2123
1773774000 3531 2123 3531 2123
1773772200 3531 2123 3531 2123
1773770400 3531 2123 3531 2123
1773768600 76486 3877 223542 5533
1773766800 223542 5208 223542 5208
1773765000 223542 5208 223542 5208
1773763200 223542 5208 223542 5208
1773761400 223602 5209 333093 8424
1773759600 148562 6633 333093 10907
1773757800 10278 5137 15297 8120
1773756000 101784 6389 409786 11297
1773754200 38729 6352 536791 13884
1773752400 232572 9139 536791 14118
1773750600 132033 6178 541093 13558
1773748800 96561 6859 113496 7797
1773747000 113496 7797 113496 7797
1773745200 113496 7797 113496 7797
1773743400 113496 7797 113496 7797
1773741600 140222 7791 340823 13554
1773739800 173100 8095 340823 13588
1773738000 23293 3592 33246 8363
1773736200 2236300 2356291 2673391 2822125
1773734400 2673391 2822125 2673391 2822125
1773732600 2673391 2822125 2673391 2822125
1773730800 2673391 2822125 2673391 2822125
1773729000 2673391 2822125 2673391 2822125
1773727200 2673391 2822125 2673391 2822125
1773725400 2673391 2822125 2673391 2822125
1773723600 2673391 2822125 2673391 2822125
1773721800 2673391 2822125 2673391 2822125
1773720000 2673391 2822125 2673391 2822125
1773718200 2673391 2822125 2673391 2822125
1773716400 2673391 2822125 2673391 2822125
1773714600 2673391 2822125 2673391 2822125
1773712800 2673391 2822125 2673391 2822125
1773711000 2673391 2822125 2673391 2822125
1773709200 2673391 2822125 2673391 2822125
1773707400 2673391 2822125 2673391 2822125
1773705600 2673391 2822125 2673391 2822125
1773703800 2673391 2822125 2673391 2822125
1773702000 2673391 2822125 2673391 2822125
1773700200 2673391 2822125 2673391 2822125
1773698400 2673391 2822125 2673391 2822125
1773696600 2673391 2822125 2673391 2822125
1773694800 2673391 2822125 2673391 2822125
1773693000 2673391 2822125 2673391 2822125
1773691200 2673391 2822125 2673391 2822125
1773689400 2673391 2822125 2673391 2822125
1773687600 2673391 2822125 2673391 2822125
1773685800 2673391 2822125 2673391 2822125
1773684000 1790622 1881678 2673391 2822125
1773682200 10209 4711 32940 6512
1773680400 4555 4113 6005 5336
1773678600 4750 4018 6005 4786
1773676800 4597 3979 5813 5140
1773675000 8609 3047 10727 5140
1773673200 0 0 0 0
1773671400 0 0 0 0
1773669600 0 0 0 0
1773667800 0 0 0 0
1773666000 0 0 0 0
1773664200 0 0 0 0
1773662400 0 0 0 0
1773660600 0 0 0 0
1773658800 0 0 0 0
1773657000 0 0 0 0
1773655200 0 0 0 0
1773653400 0 0 0 0
1773651600 0 0 0 0
1773649800 0 0 0 0
1773648000 0 0 0 0
1773646200 0 0 0 0
1773644400 0 0 0 0
1773642600 0 0 0 0
1773640800 0 0 0 0
1773639000 0 0 0 0
1773637200 0 0 0 0
1773635400 0 0 0 0
1773633600 0 0 0 0
1773631800 0 0 0 0
1773630000 0 0 0 0
1773628200 0 0 0 0
1773626400 0 0 0 0
1773624600 0 0 0 0
1773622800 0 0 0 0
1773621000 0 0 0 0
1773619200 0 0 0 0
1773617400 0 0 0 0
1773615600 0 0 0 0
1773613800 0 0 0 0
1773612000 0 0 0 0
1773610200 0 0 0 0
1773608400 0 0 0 0
1773606600 0 0 0 0
1773604800 0 0 0 0
1773603000 0 0 0 0
1773601200 0 0 0 0
1773599400 0 0 0 0
1773597600 0 0 0 0
1773595800 0 0 0 0
1773594000 0 0 0 0
1773592200 0 0 0 0
1773590400 0 0 0 0
1773588600 0 0 0 0
1773586800 0 0 0 0
1773585000 0 0 0 0
1773583200 0 0 0 0
1773581400 0 0 0 0
1773579600 0 0 0 0
1773577800 0 0 0 0
1773576000 0 0 0 0
1773574200 0 0 0 0
1773572400 0 0 0 0
1773570600 0 0 0 0
1773568800 0 0 0 0
1773567000 0 0 0 0
1773565200 0 0 0 0
1773563400 0 0 0 0
1773561600 0 0 0 0
1773559800 0 0 0 0
1773558000 0 0 0 0
1773556200 0 0 0 0
1773554400 0 0 0 0
1773552600 0 0 0 0
1773550800 0 0 0 0
1773549000 0 0 0 0
1773547200 0 0 0 0
1773545400 0 0 0 0
1773543600 0 0 0 0
1773541800 0 0 0 0
1773540000 0 0 0 0
1773538200 0 0 0 0
1773536400 0 0 0 0
1773534600 0 0 0 0
1773532800 0 0 0 0
1773531000 0 0 0 0
1773529200 0 0 0 0
1773527400 0 0 0 0
1773525600 0 0 0 0
1773523800 0 0 0 0
1773522000 0 0 0 0
1773520200 0 0 0 0
1773518400 0 0 0 0
1773516600 0 0 0 0
1773514800 0 0 0 0
1773513000 0 0 0 0
1773511200 0 0 0 0
1773509400 0 0 0 0
1773507600 0 0 0 0
1773505800 0 0 0 0
1773504000 0 0 0 0
1773502200 0 0 0 0
1773500400 0 0 0 0
1773498600 0 0 0 0
1773496800 0 0 0 0
1773495000 0 0 0 0
1773493200 0 0 0 0
1773491400 0 0 0 0
1773489600 0 0 0 0
1773487800 0 0 0 0
1773486000 0 0 0 0
1773484200 0 0 0 0
1773482400 0 0 0 0
1773480600 0 0 0 0
1773478800 0 0 0 0
1773477000 0 0 0 0
1773475200 0 0 0 0
1773473400 0 0 0 0
1773471600 0 0 0 0
1773469800 0 0 0 0
1773468000 0 0 0 0
1773466200 0 0 0 0
1773464400 0 0 0 0
1773462600 0 0 0 0
1773460800 0 0 0 0
1773459000 0 0 0 0
1773457200 0 0 0 0
1773455400 0 0 0 0
1773453600 0 0 0 0
1773451800 0 0 0 0
1773450000 0 0 0 0
1773448200 0 0 0 0
1773446400 0 0 0 0
1773444600 0 0 0 0
1773442800 0 0 0 0
1773441000 0 0 0 0
1773439200 0 0 0 0
1773437400 0 0 0 0
1773435600 0 0 0 0
1773433800 0 0 0 0
1773432000 0 0 0 0
1773430200 0 0 0 0
1773428400 0 0 0 0
1773426600 0 0 0 0
1773424800 0 0 0 0
1773423000 0 0 0 0
1773421200 0 0 0 0
1773419400 0 0 0 0
1773417600 0 0 0 0
1773415800 0 0 0 0
1773414000 0 0 0 0
1773412200 0 0 0 0
1773410400 0 0 0 0
1773408600 0 0 0 0
1773406800 0 0 0 0
1773405000 0 0 0 0
1773403200 0 0 0 0
1773401400 0 0 0 0
1773399600 0 0 0 0
1773397800 0 0 0 0
1773396000 0 0 0 0
1773394200 0 0 0 0
1773392400 0 0 0 0
1773390600 0 0 0 0
1773388800 0 0 0 0
1773387000 0 0 0 0
1773385200 0 0 0 0
1773383400 0 0 0 0
1773381600 0 0 0 0
1773379800 0 0 0 0
1773378000 0 0 0 0
1773376200 0 0 0 0
1773374400 0 0 0 0
1773372600 0 0 0 0
1773370800 0 0 0 0
1773369000 0 0 0 0
1773367200 0 0 0 0
1773365400 0 0 0 0
1773363600 0 0 0 0
1773361800 0 0 0 0
1773360000 0 0 0 0
1773358200 0 0 0 0
1773356400 0 0 0 0
1773354600 0 0 0 0
1773352800 0 0 0 0
1773351000 0 0 0 0
1773349200 0 0 0 0
1773347400 0 0 0 0
1773345600 0 0 0 0
1773343800 0 0 0 0
1773342000 0 0 0 0
1773340200 0 0 0 0
1773338400 0 0 0 0
1773336600 0 0 0 0
1773334800 0 0 0 0
1773333000 0 0 0 0
1773331200 0 0 0 0
1773329400 0 0 0 0
1773327600 0 0 0 0
1773325800 0 0 0 0
1773324000 0 0 0 0
1773322200 0 0 0 0
1773320400 0 0 0 0
1773318600 0 0 0 0
1773316800 0 0 0 0
1773315000 0 0 0 0
1773313200 0 0 0 0
1773311400 0 0 0 0
1773309600 0 0 0 0
1773307800 0 0 0 0
1773306000 0 0 0 0
1773304200 0 0 0 0
1773302400 0 0 0 0
1773300600 0 0 0 0
1773298800 0 0 0 0
1773297000 0 0 0 0
1773295200 0 0 0 0
1773293400 0 0 0 0
1773291600 0 0 0 0
1773289800 0 0 0 0
1773288000 0 0 0 0
1773286200 0 0 0 0
1773284400 0 0 0 0
1773282600 0 0 0 0
1773280800 0 0 0 0
1773279000 0 0 0 0
1773277200 0 0 0 0
1773275400 0 0 0 0
1773273600 0 0 0 0
1773266400 0 0 0 0
1773259200 0 0 0 0
1773252000 0 0 0 0
1773244800 0 0 0 0
1773237600 0 0 0 0
1773230400 0 0 0 0
1773223200 0 0 0 0
1773216000 0 0 0 0
1773208800 0 0 0 0
1773201600 0 0 0 0
1773194400 0 0 0 0
1773187200 0 0 0 0
1773180000 0 0 0 0
1773172800 0 0 0 0
1773165600 0 0 0 0
1773158400 0 0 0 0
1773151200 0 0 0 0
1773144000 0 0 0 0
1773136800 0 0 0 0
1773129600 0 0 0 0
1773122400 0 0 0 0
1773115200 0 0 0 0
1773108000 0 0 0 0
1773100800 0 0 0 0
1773093600 0 0 0 0
1773086400 0 0 0 0
1773079200 0 0 0 0
1773072000 0 0 0 0
1773064800 0 0 0 0
1773057600 0 0 0 0
1773050400 0 0 0 0
1773043200 0 0 0 0
1773036000 0 0 0 0
1773028800 0 0 0 0
1773021600 0 0 0 0
1773014400 0 0 0 0
1773007200 0 0 0 0
1773000000 0 0 0 0
1772992800 0 0 0 0
1772985600 0 0 0 0
1772978400 0 0 0 0
1772971200 0 0 0 0
1772964000 0 0 0 0
1772956800 0 0 0 0
1772949600 0 0 0 0
1772942400 0 0 0 0
1772935200 0 0 0 0
1772928000 0 0 0 0
1772920800 0 0 0 0
1772913600 0 0 0 0
1772906400 0 0 0 0
1772899200 0 0 0 0
1772892000 0 0 0 0
1772884800 0 0 0 0
1772877600 0 0 0 0
1772870400 0 0 0 0
1772863200 0 0 0 0
1772856000 0 0 0 0
1772848800 0 0 0 0
1772841600 0 0 0 0
1772834400 0 0 0 0
1772827200 0 0 0 0
1772820000 0 0 0 0
1772812800 0 0 0 0
1772805600 0 0 0 0
1772798400 0 0 0 0
1772791200 0 0 0 0
1772784000 0 0 0 0
1772776800 0 0 0 0
1772769600 0 0 0 0
1772762400 0 0 0 0
1772755200 0 0 0 0
1772748000 0 0 0 0
1772740800 0 0 0 0
1772733600 0 0 0 0
1772726400 0 0 0 0
1772719200 0 0 0 0
1772712000 0 0 0 0
1772704800 0 0 0 0
1772697600 0 0 0 0
1772690400 0 0 0 0
1772683200 0 0 0 0
1772676000 0 0 0 0
1772668800 0 0 0 0
1772661600 0 0 0 0
1772654400 0 0 0 0
1772647200 0 0 0 0
1772640000 0 0 0 0
1772632800 0 0 0 0
1772625600 0 0 0 0
1772618400 0 0 0 0
1772611200 0 0 0 0
1772604000 0 0 0 0
1772596800 0 0 0 0
1772589600 0 0 0 0
1772582400 0 0 0 0
1772575200 0 0 0 0
1772568000 0 0 0 0
1772560800 0 0 0 0
1772553600 0 0 0 0
1772546400 0 0 0 0
1772539200 0 0 0 0
1772532000 0 0 0 0
1772524800 0 0 0 0
1772517600 0 0 0 0
1772510400 0 0 0 0
1772503200 0 0 0 0
1772496000 0 0 0 0
1772488800 0 0 0 0
1772481600 0 0 0 0
1772474400 0 0 0 0
1772467200 0 0 0 0
1772460000 0 0 0 0
1772452800 0 0 0 0
1772445600 0 0 0 0
1772438400 0 0 0 0
1772431200 0 0 0 0
1772424000 0 0 0 0
1772416800 0 0 0 0
1772409600 0 0 0 0
1772402400 0 0 0 0
1772395200 0 0 0 0
1772388000 0 0 0 0
1772380800 0 0 0 0
1772373600 0 0 0 0
1772366400 0 0 0 0
1772359200 0 0 0 0
1772352000 0 0 0 0
1772344800 0 0 0 0
1772337600 0 0 0 0
1772330400 0 0 0 0
1772323200 0 0 0 0
1772316000 0 0 0 0
1772308800 0 0 0 0
1772301600 0 0 0 0
1772294400 0 0 0 0
1772287200 0 0 0 0
1772280000 0 0 0 0
1772272800 0 0 0 0
1772265600 0 0 0 0
1772258400 0 0 0 0
1772251200 0 0 0 0
1772244000 0 0 0 0
1772236800 0 0 0 0
1772229600 0 0 0 0
1772222400 0 0 0 0
1772215200 0 0 0 0
1772208000 0 0 0 0
1772200800 0 0 0 0
1772193600 0 0 0 0
1772186400 0 0 0 0
1772179200 0 0 0 0
1772172000 0 0 0 0
1772164800 0 0 0 0
1772157600 0 0 0 0
1772150400 0 0 0 0
1772143200 0 0 0 0
1772136000 0 0 0 0
1772128800 0 0 0 0
1772121600 0 0 0 0
1772114400 0 0 0 0
1772107200 0 0 0 0
1772100000 0 0 0 0
1772092800 0 0 0 0
1772085600 0 0 0 0
1772078400 0 0 0 0
1772071200 0 0 0 0
1772064000 0 0 0 0
1772056800 0 0 0 0
1772049600 0 0 0 0
1772042400 0 0 0 0
1772035200 0 0 0 0
1772028000 0 0 0 0
1772020800 0 0 0 0
1772013600 0 0 0 0
1772006400 0 0 0 0
1771999200 0 0 0 0
1771992000 0 0 0 0
1771984800 0 0 0 0
1771977600 0 0 0 0
1771970400 0 0 0 0
1771963200 0 0 0 0
1771956000 0 0 0 0
1771948800 0 0 0 0
1771941600 0 0 0 0
1771934400 0 0 0 0
1771927200 0 0 0 0
1771920000 0 0 0 0
1771912800 0 0 0 0
1771905600 0 0 0 0
1771898400 0 0 0 0
1771891200 0 0 0 0
1771884000 0 0 0 0
1771876800 0 0 0 0
1771869600 0 0 0 0
1771862400 0 0 0 0
1771855200 0 0 0 0
1771848000 0 0 0 0
1771840800 0 0 0 0
1771833600 0 0 0 0
1771826400 0 0 0 0
1771819200 0 0 0 0
1771812000 0 0 0 0
1771804800 0 0 0 0
1771797600 0 0 0 0
1771790400 0 0 0 0
1771783200 0 0 0 0
1771776000 0 0 0 0
1771768800 0 0 0 0
1771761600 0 0 0 0
1771754400 0 0 0 0
1771747200 0 0 0 0
1771740000 0 0 0 0
1771732800 0 0 0 0
1771725600 0 0 0 0
1771718400 0 0 0 0
1771711200 0 0 0 0
1771704000 0 0 0 0
1771696800 0 0 0 0
1771689600 0 0 0 0
1771682400 0 0 0 0
1771675200 0 0 0 0
1771668000 0 0 0 0
1771660800 0 0 0 0
1771653600 0 0 0 0
1771646400 0 0 0 0
1771639200 0 0 0 0
1771632000 0 0 0 0
1771624800 0 0 0 0
1771617600 0 0 0 0
1771610400 0 0 0 0
1771603200 0 0 0 0
1771596000 0 0 0 0
1771588800 0 0 0 0
1771581600 0 0 0 0
1771574400 0 0 0 0
1771567200 0 0 0 0
1771560000 0 0 0 0
1771552800 0 0 0 0
1771545600 0 0 0 0
1771538400 0 0 0 0
1771531200 0 0 0 0
1771524000 0 0 0 0
1771516800 0 0 0 0
1771509600 0 0 0 0
1771502400 0 0 0 0
1771495200 0 0 0 0
1771488000 0 0 0 0
1771480800 0 0 0 0
1771473600 0 0 0 0
1771466400 0 0 0 0
1771459200 0 0 0 0
1771452000 0 0 0 0
1771444800 0 0 0 0
1771437600 0 0 0 0
1771430400 0 0 0 0
1771423200 0 0 0 0
1771416000 0 0 0 0
1771408800 0 0 0 0
1771401600 0 0 0 0
1771394400 0 0 0 0
1771387200 0 0 0 0
1771380000 0 0 0 0
1771372800 0 0 0 0
1771365600 0 0 0 0
1771358400 0 0 0 0
1771351200 0 0 0 0
1771344000 0 0 0 0
1771336800 0 0 0 0
1771329600 0 0 0 0
1771322400 0 0 0 0
1771315200 0 0 0 0
1771308000 0 0 0 0
1771300800 0 0 0 0
1771293600 0 0 0 0
1771286400 0 0 0 0
1771279200 0 0 0 0
1771272000 0 0 0 0
1771264800 0 0 0 0
1771257600 0 0 0 0
1771250400 0 0 0 0
1771243200 0 0 0 0
1771236000 0 0 0 0
1771228800 0 0 0 0
1771221600 0 0 0 0
1771214400 0 0 0 0
1771207200 0 0 0 0
1771200000 0 0 0 0
1771192800 0 0 0 0
1771185600 0 0 0 0
1771178400 0 0 0 0
1771171200 0 0 0 0
1771164000 0 0 0 0
1771156800 0 0 0 0
1771149600 0 0 0 0
1771142400 0 0 0 0
1771135200 0 0 0 0
1771128000 0 0 0 0
1771120800 0 0 0 0
1771113600 0 0 0 0
1771106400 0 0 0 0
1771099200 0 0 0 0
1771092000 0 0 0 0
1771084800 0 0 0 0
1771077600 0 0 0 0
1771070400 0 0 0 0
1771063200 0 0 0 0
1771056000 0 0 0 0
1771048800 0 0 0 0
1771041600 0 0 0 0
1771034400 0 0 0 0
1771027200 0 0 0 0
1771020000 0 0 0 0
1771012800 0 0 0 0
1771005600 0 0 0 0
1770998400 0 0 0 0
1770991200 0 0 0 0
1770984000 0 0 0 0
1770976800 0 0 0 0
1770969600 0 0 0 0
1770962400 0 0 0 0
1770955200 0 0 0 0
1770948000 0 0 0 0
1770940800 0 0 0 0
1770933600 0 0 0 0
1770926400 0 0 0 0
1770919200 0 0 0 0
1770912000 0 0 0 0
1770904800 0 0 0 0
1770897600 0 0 0 0
1770890400 0 0 0 0
1770883200 0 0 0 0
1770876000 0 0 0 0
1770868800 0 0 0 0
1770861600 0 0 0 0
1770854400 0 0 0 0
1770847200 0 0 0 0
1770840000 0 0 0 0
1770832800 0 0 0 0
1770825600 0 0 0 0
1770818400 0 0 0 0
1770811200 0 0 0 0
1770804000 0 0 0 0
1770796800 0 0 0 0
1770789600 0 0 0 0
1770782400 0 0 0 0
1770775200 0 0 0 0
1770768000 0 0 0 0
1770760800 0 0 0 0
1770753600 0 0 0 0
1770746400 0 0 0 0
1770739200 0 0 0 0
1770732000 0 0 0 0
1770724800 0 0 0 0
1770717600 0 0 0 0
1770710400 0 0 0 0
1770703200 0 0 0 0
1770696000 0 0 0 0
1770688800 0 0 0 0
1770681600 0 0 0 0
1770674400 0 0 0 0
1770667200 0 0 0 0
1770660000 0 0 0 0
1770652800 0 0 0 0
1770645600 0 0 0 0
1770638400 0 0 0 0
1770631200 0 0 0 0
1770624000 0 0 0 0
1770616800 0 0 0 0
1770609600 0 0 0 0
1770602400 0 0 0 0
1770595200 0 0 0 0
1770588000 0 0 0 0
1770580800 0 0 0 0
1770573600 0 0 0 0
1770566400 0 0 0 0
1770559200 0 0 0 0
1770552000 0 0 0 0
1770544800 0 0 0 0
1770537600 0 0 0 0
1770530400 0 0 0 0
1770523200 0 0 0 0
1770516000 0 0 0 0
1770508800 0 0 0 0
1770501600 0 0 0 0
1770494400 0 0 0 0
1770487200 0 0 0 0
1770480000 0 0 0 0
1770472800 0 0 0 0
1770465600 0 0 0 0
1770458400 0 0 0 0
1770451200 0 0 0 0
1770444000 0 0 0 0
1770436800 0 0 0 0
1770429600 0 0 0 0
1770422400 0 0 0 0
1770415200 0 0 0 0
1770408000 0 0 0 0
1770400800 0 0 0 0
1770393600 0 0 0 0
1770386400 0 0 0 0
1770379200 0 0 0 0
1770372000 0 0 0 0
1770364800 0 0 0 0
1770357600 0 0 0 0
1770350400 0 0 0 0
1770343200 0 0 0 0
1770336000 0 0 0 0
1770328800 0 0 0 0
1770321600 0 0 0 0
1770314400 0 0 0 0
1770307200 0 0 0 0
1770300000 0 0 0 0
1770292800 0 0 0 0
1770285600 0 0 0 0
1770278400 0 0 0 0
1770271200 0 0 0 0
1770264000 0 0 0 0
1770256800 0 0 0 0
1770249600 0 0 0 0
1770242400 0 0 0 0
1770235200 0 0 0 0
1770228000 0 0 0 0
1770220800 0 0 0 0
1770213600 0 0 0 0
1770206400 0 0 0 0
1770199200 0 0 0 0
1770192000 0 0 0 0
1770184800 0 0 0 0
1770177600 0 0 0 0
1770170400 0 0 0 0
1770163200 0 0 0 0
1770156000 0 0 0 0
1770148800 0 0 0 0
1770141600 0 0 0 0
1770134400 0 0 0 0
1770127200 0 0 0 0
1770120000 0 0 0 0
1770112800 0 0 0 0
1770105600 0 0 0 0
1770098400 0 0 0 0
1770091200 0 0 0 0
1770084000 0 0 0 0
1770076800 0 0 0 0
1770069600 0 0 0 0
1770062400 0 0 0 0
1770055200 0 0 0 0
1770048000 0 0 0 0
1770040800 0 0 0 0
1770033600 0 0 0 0
1770026400 0 0 0 0
1770019200 0 0 0 0
1770012000 0 0 0 0
1770004800 0 0 0 0
1769997600 0 0 0 0
1769990400 0 0 0 0
1769983200 0 0 0 0
1769976000 0 0 0 0
1769968800 0 0 0 0
1769961600 0 0 0 0
1769954400 0 0 0 0
1769947200 0 0 0 0
1769940000 0 0 0 0
1769932800 0 0 0 0
1769925600 0 0 0 0
1769918400 0 0 0 0
1769911200 0 0 0 0
1769904000 0 0 0 0
1769896800 0 0 0 0
1769889600 0 0 0 0
1769882400 0 0 0 0
1769875200 0 0 0 0
1769868000 0 0 0 0
1769860800 0 0 0 0
1769853600 0 0 0 0
1769846400 0 0 0 0
1769839200 0 0 0 0
1769832000 0 0 0 0
1769824800 0 0 0 0
1769817600 0 0 0 0
1769810400 0 0 0 0
1769803200 0 0 0 0
1769796000 0 0 0 0
1769788800 0 0 0 0
1769781600 0 0 0 0
1769774400 0 0 0 0
1769767200 0 0 0 0
1769760000 0 0 0 0
1769752800 0 0 0 0
1769745600 0 0 0 0
1769738400 0 0 0 0
1769731200 0 0 0 0
1769724000 0 0 0 0
1769716800 0 0 0 0
1769709600 0 0 0 0
1769702400 0 0 0 0
1769695200 0 0 0 0
1769688000 0 0 0 0
1769680800 0 0 0 0
1769673600 0 0 0 0
1769666400 0 0 0 0
1769659200 0 0 0 0
1769652000 0 0 0 0
1769644800 0 0 0 0
1769637600 0 0 0 0
1769630400 0 0 0 0
1769623200 0 0 0 0
1769616000 0 0 0 0
1769608800 0 0 0 0
1769601600 0 0 0 0
1769594400 0 0 0 0
1769587200 0 0 0 0
1769580000 0 0 0 0
1769572800 0 0 0 0
1769565600 0 0 0 0
1769558400 0 0 0 0
1769551200 0 0 0 0
1769544000 0 0 0 0
1769536800 0 0 0 0
1769529600 0 0 0 0
1769522400 0 0 0 0
1769515200 0 0 0 0
1769508000 0 0 0 0
1769500800 0 0 0 0
1769493600 0 0 0 0
1769486400 0 0 0 0
1769479200 0 0 0 0
1769472000 0 0 0 0
1769464800 0 0 0 0
1769457600 0 0 0 0
1769450400 0 0 0 0
1769443200 0 0 0 0
1769436000 0 0 0 0
1769428800 0 0 0 0
1769421600 0 0 0 0
1769414400 0 0 0 0
1769407200 0 0 0 0
1769400000 0 0 0 0
1769392800 0 0 0 0
1769385600 0 0 0 0
1769378400 0 0 0 0
1769371200 0 0 0 0
1769364000 0 0 0 0
1769356800 0 0 0 0
1769349600 0 0 0 0
1769342400 0 0 0 0
1769335200 0 0 0 0
1769328000 0 0 0 0
1769320800 0 0 0 0
1769313600 0 0 0 0
1769306400 0 0 0 0
1769299200 0 0 0 0
1769292000 0 0 0 0
1769284800 0 0 0 0
1769277600 0 0 0 0
1769270400 0 0 0 0
1769263200 0 0 0 0
1769256000 0 0 0 0
1769248800 0 0 0 0
1769241600 0 0 0 0
1769234400 0 0 0 0
1769227200 0 0 0 0
1769220000 0 0 0 0
1769212800 0 0 0 0
1769205600 0 0 0 0
1769198400 0 0 0 0
1769191200 0 0 0 0
1769184000 0 0 0 0
1769176800 0 0 0 0
1769169600 0 0 0 0
1769162400 0 0 0 0
1769155200 0 0 0 0
1769148000 0 0 0 0
1769140800 0 0 0 0
1769133600 0 0 0 0
1769126400 0 0 0 0
1769119200 0 0 0 0
1769112000 0 0 0 0
1769104800 0 0 0 0
1769097600 0 0 0 0
1769090400 0 0 0 0
1769083200 0 0 0 0
1769076000 0 0 0 0
1769068800 0 0 0 0
1769061600 0 0 0 0
1769054400 0 0 0 0
1769047200 0 0 0 0
1769040000 0 0 0 0
1769032800 0 0 0 0
1769025600 0 0 0 0
1769018400 0 0 0 0
1769011200 0 0 0 0
1769004000 0 0 0 0
1768996800 0 0 0 0
1768989600 0 0 0 0
1768982400 0 0 0 0
1768975200 0 0 0 0
1768968000 0 0 0 0
1768960800 0 0 0 0
1768953600 0 0 0 0
1768867200 0 0 0 0
1768780800 0 0 0 0
1768694400 0 0 0 0
1768608000 0 0 0 0
1768521600 0 0 0 0
1768435200 0 0 0 0
1768348800 0 0 0 0
1768262400 0 0 0 0
1768176000 0 0 0 0
1768089600 0 0 0 0
1768003200 0 0 0 0
1767916800 0 0 0 0
1767830400 0 0 0 0
1767744000 0 0 0 0
1767657600 0 0 0 0
1767571200 0 0 0 0
1767484800 0 0 0 0
1767398400 0 0 0 0
1767312000 0 0 0 0
1767225600 0 0 0 0
1767139200 0 0 0 0
1767052800 0 0 0 0
1766966400 0 0 0 0
1766880000 0 0 0 0
1766793600 0 0 0 0
1766707200 0 0 0 0
1766620800 0 0 0 0
1766534400 0 0 0 0
1766448000 0 0 0 0
1766361600 0 0 0 0
1766275200 0 0 0 0
1766188800 0 0 0 0
1766102400 0 0 0 0
1766016000 0 0 0 0
1765929600 0 0 0 0
1765843200 0 0 0 0
1765756800 0 0 0 0
1765670400 0 0 0 0
1765584000 0 0 0 0
1765497600 0 0 0 0
1765411200 0 0 0 0
1765324800 0 0 0 0
1765238400 0 0 0 0
1765152000 0 0 0 0
1765065600 0 0 0 0
1764979200 0 0 0 0
1764892800 0 0 0 0
1764806400 0 0 0 0
1764720000 0 0 0 0
1764633600 0 0 0 0
1764547200 0 0 0 0
1764460800 0 0 0 0
1764374400 0 0 0 0
1764288000 0 0 0 0
1764201600 0 0 0 0
1764115200 0 0 0 0
1764028800 0 0 0 0
1763942400 0 0 0 0
1763856000 0 0 0 0
1763769600 0 0 0 0
1763683200 0 0 0 0
1763596800 0 0 0 0
1763510400 0 0 0 0
1763424000 0 0 0 0
1763337600 0 0 0 0
1763251200 0 0 0 0
1763164800 0 0 0 0
1763078400 0 0 0 0
1762992000 0 0 0 0
1762905600 0 0 0 0
1762819200 0 0 0 0
1762732800 0 0 0 0
1762646400 0 0 0 0
1762560000 0 0 0 0
1762473600 0 0 0 0
1762387200 0 0 0 0
1762300800 0 0 0 0
1762214400 0 0 0 0
1762128000 0 0 0 0
1762041600 0 0 0 0
1761955200 0 0 0 0
1761868800 0 0 0 0
1761782400 0 0 0 0
1761696000 0 0 0 0
1761609600 0 0 0 0
1761523200 0 0 0 0
1761436800 0 0 0 0
1761350400 0 0 0 0
1761264000 0 0 0 0
1761177600 0 0 0 0
1761091200 0 0 0 0
1761004800 0 0 0 0
1760918400 0 0 0 0
1760832000 0 0 0 0
1760745600 0 0 0 0
1760659200 0 0 0 0
1760572800 0 0 0 0
1760486400 0 0 0 0
1760400000 0 0 0 0
1760313600 0 0 0 0
1760227200 0 0 0 0
1760140800 0 0 0 0
1760054400 0 0 0 0
1759968000 0 0 0 0
1759881600 0 0 0 0
1759795200 0 0 0 0
1759708800 0 0 0 0
1759622400 0 0 0 0
1759536000 0 0 0 0
1759449600 0 0 0 0
1759363200 0 0 0 0
1759276800 0 0 0 0
1759190400 0 0 0 0
1759104000 0 0 0 0
1759017600 0 0 0 0
1758931200 0 0 0 0
1758844800 0 0 0 0
1758758400 0 0 0 0
1758672000 0 0 0 0
1758585600 0 0 0 0
1758499200 0 0 0 0
1758412800 0 0 0 0
1758326400 0 0 0 0
1758240000 0 0 0 0
1758153600 0 0 0 0
1758067200 0 0 0 0
1757980800 0 0 0 0
1757894400 0 0 0 0
1757808000 0 0 0 0
1757721600 0 0 0 0
1757635200 0 0 0 0
1757548800 0 0 0 0
1757462400 0 0 0 0
1757376000 0 0 0 0
1757289600 0 0 0 0
1757203200 0 0 0 0
1757116800 0 0 0 0
1757030400 0 0 0 0
1756944000 0 0 0 0
1756857600 0 0 0 0
1756771200 0 0 0 0
1756684800 0 0 0 0
1756598400 0 0 0 0
1756512000 0 0 0 0
1756425600 0 0 0 0
1756339200 0 0 0 0
1756252800 0 0 0 0
1756166400 0 0 0 0
1756080000 0 0 0 0
1755993600 0 0 0 0
1755907200 0 0 0 0
1755820800 0 0 0 0
1755734400 0 0 0 0
1755648000 0 0 0 0
1755561600 0 0 0 0
1755475200 0 0 0 0
1755388800 0 0 0 0
1755302400 0 0 0 0
1755216000 0 0 0 0
1755129600 0 0 0 0
1755043200 0 0 0 0
1754956800 0 0 0 0
1754870400 0 0 0 0
1754784000 0 0 0 0
1754697600 0 0 0 0
1754611200 0 0 0 0
1754524800 0 0 0 0
1754438400 0 0 0 0
1754352000 0 0 0 0
1754265600 0 0 0 0
1754179200 0 0 0 0
1754092800 0 0 0 0
1754006400 0 0 0 0
1753920000 0 0 0 0
1753833600 0 0 0 0
1753747200 0 0 0 0
1753660800 0 0 0 0
1753574400 0 0 0 0
1753488000 0 0 0 0
1753401600 0 0 0 0
1753315200 0 0 0 0
1753228800 0 0 0 0
1753142400 0 0 0 0
1753056000 0 0 0 0
1752969600 0 0 0 0
1752883200 0 0 0 0
1752796800 0 0 0 0
1752710400 0 0 0 0
1752624000 0 0 0 0
1752537600 0 0 0 0
1752451200 0 0 0 0
1752364800 0 0 0 0
1752278400 0 0 0 0
1752192000 0 0 0 0
1752105600 0 0 0 0
1752019200 0 0 0 0
1751932800 0 0 0 0
1751846400 0 0 0 0
1751760000 0 0 0 0
1751673600 0 0 0 0
1751587200 0 0 0 0
1751500800 0 0 0 0
1751414400 0 0 0 0
1751328000 0 0 0 0
1751241600 0 0 0 0
1751155200 0 0 0 0
1751068800 0 0 0 0
1750982400 0 0 0 0
1750896000 0 0 0 0
1750809600 0 0 0 0
1750723200 0 0 0 0
1750636800 0 0 0 0
1750550400 0 0 0 0
1750464000 0 0 0 0
1750377600 0 0 0 0
1750291200 0 0 0 0
1750204800 0 0 0 0
1750118400 0 0 0 0
1750032000 0 0 0 0
1749945600 0 0 0 0
1749859200 0 0 0 0
1749772800 0 0 0 0
1749686400 0 0 0 0
1749600000 0 0 0 0
1749513600 0 0 0 0
1749427200 0 0 0 0
1749340800 0 0 0 0
1749254400 0 0 0 0
1749168000 0 0 0 0
1749081600 0 0 0 0
1748995200 0 0 0 0
1748908800 0 0 0 0
1748822400 0 0 0 0
1748736000 0 0 0 0
1748649600 0 0 0 0
1748563200 0 0 0 0
1748476800 0 0 0 0
1748390400 0 0 0 0
1748304000 0 0 0 0
1748217600 0 0 0 0
1748131200 0 0 0 0
1748044800 0 0 0 0
1747958400 0 0 0 0
1747872000 0 0 0 0
1747785600 0 0 0 0
1747699200 0 0 0 0
1747612800 0 0 0 0
1747526400 0 0 0 0
1747440000 0 0 0 0
1747353600 0 0 0 0
1747267200 0 0 0 0
1747180800 0 0 0 0
1747094400 0 0 0 0
1747008000 0 0 0 0
1746921600 0 0 0 0
1746835200 0 0 0 0
1746748800 0 0 0 0
1746662400 0 0 0 0
1746576000 0 0 0 0
1746489600 0 0 0 0
1746403200 0 0 0 0
1746316800 0 0 0 0
1746230400 0 0 0 0
1746144000 0 0 0 0
1746057600 0 0 0 0
1745971200 0 0 0 0
1745884800 0 0 0 0
1745798400 0 0 0 0
1745712000 0 0 0 0
1745625600 0 0 0 0
1745539200 0 0 0 0
1745452800 0 0 0 0
1745366400 0 0 0 0
1745280000 0 0 0 0
1745193600 0 0 0 0
1745107200 0 0 0 0
1745020800 0 0 0 0
1744934400 0 0 0 0
1744848000 0 0 0 0
1744761600 0 0 0 0
1744675200 0 0 0 0
1744588800 0 0 0 0
1744502400 0 0 0 0
1744416000 0 0 0 0
1744329600 0 0 0 0
1744243200 0 0 0 0
1744156800 0 0 0 0
1744070400 0 0 0 0
1743984000 0 0 0 0
1743897600 0 0 0 0
1743811200 0 0 0 0
1743724800 0 0 0 0
1743638400 0 0 0 0
1743552000 0 0 0 0
1743465600 0 0 0 0
1743379200 0 0 0 0
1743292800 0 0 0 0
1743206400 0 0 0 0
1743120000 0 0 0 0
1743033600 0 0 0 0
1742947200 0 0 0 0
1742860800 0 0 0 0
1742774400 0 0 0 0
1742688000 0 0 0 0
1742601600 0 0 0 0
1742515200 0 0 0 0
1742428800 0 0 0 0
1742342400 0 0 0 0
1742256000 0 0 0 0
1742169600 0 0 0 0
1742083200 0 0 0 0
1741996800 0 0 0 0
1741910400 0 0 0 0
1741824000 0 0 0 0
1741737600 0 0 0 0
1741651200 0 0 0 0
1741564800 0 0 0 0
1741478400 0 0 0 0
1741392000 0 0 0 0
1741305600 0 0 0 0
1741219200 0 0 0 0
1741132800 0 0 0 0
1741046400 0 0 0 0
1740960000 0 0 0 0
1740873600 0 0 0 0
1740787200 0 0 0 0
1740700800 0 0 0 0
1740614400 0 0 0 0
1740528000 0 0 0 0
1740441600 0 0 0 0
1740355200 0 0 0 0
1740268800 0 0 0 0
1740182400 0 0 0 0
1740096000 0 0 0 0
1740009600 0 0 0 0
1739923200 0 0 0 0
1739836800 0 0 0 0
1739750400 0 0 0 0
1739664000 0 0 0 0
1739577600 0 0 0 0
1739491200 0 0 0 0
1739404800 0 0 0 0
1739318400 0 0 0 0
1739232000 0 0 0 0
1739145600 0 0 0 0
1739059200 0 0 0 0
1738972800 0 0 0 0
1738886400 0 0 0 0
1738800000 0 0 0 0
1738713600 0 0 0 0
1738627200 0 0 0 0
1738540800 0 0 0 0
1738454400 0 0 0 0
1738368000 0 0 0 0
1738281600 0 0 0 0
1738195200 0 0 0 0
1738108800 0 0 0 0
1738022400 0 0 0 0
1737936000 0 0 0 0
1737849600 0 0 0 0
1737763200 0 0 0 0
1737676800 0 0 0 0
1737590400 0 0 0 0
1737504000 0 0 0 0
1737417600 0 0 0 0
1737331200 0 0 0 0
1737244800 0 0 0 0
1737158400 0 0 0 0
1737072000 0 0 0 0
1736985600 0 0 0 0
1736899200 0 0 0 0
1736812800 0 0 0 0
1736726400 0 0 0 0
1736640000 0 0 0 0
1736553600 0 0 0 0
1736467200 0 0 0 0
1736380800 0 0 0 0
1736294400 0 0 0 0
1736208000 0 0 0 0
1736121600 0 0 0 0
1736035200 0 0 0 0
1735948800 0 0 0 0
1735862400 0 0 0 0
1735776000 0 0 0 0
1735689600 0 0 0 0
1735603200 0 0 0 0
1735516800 0 0 0 0
1735430400 0 0 0 0
1735344000 0 0 0 0
1735257600 0 0 0 0
1735171200 0 0 0 0
1735084800 0 0 0 0
1734998400 0 0 0 0
1734912000 0 0 0 0
1734825600 0 0 0 0
1734739200 0 0 0 0
1734652800 0 0 0 0
1734566400 0 0 0 0
1734480000 0 0 0 0
1734393600 0 0 0 0
1734307200 0 0 0 0
1734220800 0 0 0 0
1734134400 0 0 0 0
1734048000 0 0 0 0
1733961600 0 0 0 0
1733875200 0 0 0 0
1733788800 0 0 0 0
1733702400 0 0 0 0
1733616000 0 0 0 0
1733529600 0 0 0 0
1733443200 0 0 0 0
1733356800 0 0 0 0
1733270400 0 0 0 0
1733184000 0 0 0 0
1733097600 0 0 0 0
1733011200 0 0 0 0
1732924800 0 0 0 0
1732838400 0 0 0 0
1732752000 0 0 0 0
1732665600 0 0 0 0
1732579200 0 0 0 0
1732492800 0 0 0 0
1732406400 0 0 0 0
1732320000 0 0 0 0
1732233600 0 0 0 0
1732147200 0 0 0 0
1732060800 0 0 0 0
1731974400 0 0 0 0
1731888000 0 0 0 0
1731801600 0 0 0 0
1731715200 0 0 0 0
1731628800 0 0 0 0
1731542400 0 0 0 0
1731456000 0 0 0 0
1731369600 0 0 0 0
1731283200 0 0 0 0
1731196800 0 0 0 0
1731110400 0 0 0 0
1731024000 0 0 0 0
1730937600 0 0 0 0
1730851200 0 0 0 0
1730764800 0 0 0 0
1730678400 0 0 0 0
1730592000 0 0 0 0
1730505600 0 0 0 0
1730419200 0 0 0 0
1730332800 0 0 0 0
1730246400 0 0 0 0
1730160000 0 0 0 0
1730073600 0 0 0 0
1729987200 0 0 0 0
1729900800 0 0 0 0
1729814400 0 0 0 0
1729728000 0 0 0 0
1729641600 0 0 0 0
1729555200 0 0 0 0
1729468800 0 0 0 0
1729382400 0 0 0 0
1729296000 0 0 0 0
1729209600 0 0 0 0
1729123200 0 0 0 0
1729036800 0 0 0 0
1728950400 0 0 0 0
1728864000 0 0 0 0
1728777600 0 0 0 0
1728691200 0 0 0 0
1728604800 0 0 0 0
1728518400 0 0 0 0
1728432000 0 0 0 0
1728345600 0 0 0 0
1728259200 0 0 0 0
1728172800 0 0 0 0
1728086400 0 0 0 0
1728000000 0 0 0 0
1727913600 0 0 0 0
1727827200 0 0 0 0
1727740800 0 0 0 0
1727654400 0 0 0 0
1727568000 0 0 0 0
1727481600 0 0 0 0
1727395200 0 0 0 0
1727308800 0 0 0 0
1727222400 0 0 0 0
1727136000 0 0 0 0
1727049600 0 0 0 0
1726963200 0 0 0 0
1726876800 0 0 0 0
1726790400 0 0 0 0
1726704000 0 0 0 0
1726617600 0 0 0 0
1726531200 0 0 0 0
1726444800 0 0 0 0
1726358400 0 0 0 0
1726272000 0 0 0 0
1726185600 0 0 0 0
1726099200 0 0 0 0
1726012800 0 0 0 0
1725926400 0 0 0 0
1725840000 0 0 0 0
1725753600 0 0 0 0
1725667200 0 0 0 0
1725580800 0 0 0 0
1725494400 0 0 0 0
1725408000 0 0 0 0
1725321600 0 0 0 0
1725235200 0 0 0 0
1725148800 0 0 0 0
1725062400 0 0 0 0
1724976000 0 0 0 0
1724889600 0 0 0 0
1724803200 0 0 0 0
1724716800 0 0 0 0
1724630400 0 0 0 0
1724544000 0 0 0 0
1724457600 0 0 0 0
1724371200 0 0 0 0
1724284800 0 0 0 0
1724198400 0 0 0 0
1724112000 0 0 0 0
1724025600 0 0 0 0
1723939200 0 0 0 0
1723852800 0 0 0 0
1723766400 0 0 0 0
1723680000 0 0 0 0
1723593600 0 0 0 0
1723507200 0 0 0 0
1723420800 0 0 0 0
1723334400 0 0 0 0
1723248000 0 0 0 0
1723161600 0 0 0 0
1723075200 0 0 0 0
1722988800 0 0 0 0
1722902400 0 0 0 0
1722816000 0 0 0 0
1722729600 0 0 0 0
1722643200 0 0 0 0
1722556800 0 0 0 0
1722470400 0 0 0 0
1722384000 0 0 0 0
1722297600 0 0 0 0
1722211200 0 0 0 0
1722124800 0 0 0 0
1722038400 0 0 0 0
1721952000 0 0 0 0
1721865600 0 0 0 0
1721779200 0 0 0 0
1721692800 0 0 0 0
1721606400 0 0 0 0
1721520000 0 0 0 0
1721433600 0 0 0 0
1721347200 0 0 0 0
1721260800 0 0 0 0
1721174400 0 0 0 0
1721088000 0 0 0 0
1721001600 0 0 0 0
1720915200 0 0 0 0
1720828800 0 0 0 0
1720742400 0 0 0 0
1720656000 0 0 0 0
1720569600 0 0 0 0
1720483200 0 0 0 0
1720396800 0 0 0 0
1720310400 0 0 0 0
1720224000 0 0 0 0
1720137600 0 0 0 0
1720051200 0 0 0 0
1719964800 0 0 0 0
1719878400 0 0 0 0
1719792000 0 0 0 0
1719705600 0 0 0 0
1719619200 0 0 0 0
1719532800 0 0 0 0
1719446400 0 0 0 0
1719360000 0 0 0 0
1719273600 0 0 0 0
1719187200 0 0 0 0
1719100800 0 0 0 0
1719014400 0 0 0 0
1718928000 0 0 0 0
1718841600 0 0 0 0
1718755200 0 0 0 0
1718668800 0 0 0 0
1718582400 0 0 0 0
1718496000 0 0 0 0
1718409600 0 0 0 0
1718323200 0 0 0 0
1718236800 0 0 0 0
1718150400 0 0 0 0
1718064000 0 0 0 0
1717977600 0 0 0 0
1717891200 0 0 0 0
1717804800 0 0 0 0
1717718400 0 0 0 0
1717632000 0 0 0 0
1717545600 0 0 0 0
1717459200 0 0 0 0
1717372800 0 0 0 0
1717286400 0 0 0 0
1717200000 0 0 0 0
1717113600 0 0 0 0
1717027200 0 0 0 0
1716940800 0 0 0 0
1716854400 0 0 0 0
1716768000 0 0 0 0
1716681600 0 0 0 0
1716595200 0 0 0 0
1716508800 0 0 0 0
1716422400 0 0 0 0
1716336000 0 0 0 0
1716249600 0 0 0 0
1716163200 0 0 0 0
1716076800 0 0 0 0
1715990400 0 0 0 0
1715904000 0 0 0 0
1715817600 0 0 0 0
1715731200 0 0 0 0
1715644800 0 0 0 0
1715558400 0 0 0 0
1715472000 0 0 0 0
1715385600 0 0 0 0
1715299200 0 0 0 0
1715212800 0 0 0 0
1715126400 0 0 0 0
1715040000 0 0 0 0
1714953600 0 0 0 0
1714867200 0 0 0 0
1714780800 0 0 0 0
1714694400 0 0 0 0
1714608000 0 0 0 0
1714521600 0 0 0 0
1714435200 0 0 0 0
1714348800 0 0 0 0
1714262400 0 0 0 0
1714176000 0 0 0 0
1714089600 0 0 0 0
1714003200 0 0 0 0
1713916800 0 0 0 0
1713830400 0 0 0 0
1713744000 0 0 0 0
1713657600 0 0 0 0
1713571200 0 0 0 0
1713484800 0 0 0 0
1713398400 0 0 0 0
1713312000 0 0 0 0
1713225600 0 0 0 0
1713139200 0 0 0 0
1713052800 0 0 0 0
1712966400 0 0 0 0
1712880000 0 0 0 0
1712793600 0 0 0 0
1712707200 0 0 0 0
1712620800 0 0 0 0
1712534400 0 0 0 0
1712448000 0 0 0 0
1712361600 0 0 0 0
1712275200 0 0 0 0
1712188800 0 0 0 0
1712102400 0 0 0 0
1712016000 0 0 0 0
1711929600 0 0 0 0
1711843200 0 0 0 0
1711756800 0 0 0 0
1711670400 0 0 0 0
1711584000 0 0 0 0
1711497600 0 0 0 0
1711411200 0 0 0 0
1711324800 0 0 0 0
1711238400 0 0 0 0
1711152000 0 0 0 0
1711065600 0 0 0 0
1710979200 0 0 0 0
1710892800 0 0 0 0
1710806400 0 0 0 0
1710720000 0 0 0 0
1710633600 0 0 0 0
1710547200 0 0 0 0
1710460800 0 0 0 0
1710374400 0 0 0 0
1710288000 0 0 0 0
1710201600 0 0 0 0
1710115200 0 0 0 0
1710028800 0 0 0 0
1709942400 0 0 0 0
1709856000 0 0 0 0
1709769600 0 0 0 0
1709683200 0 0 0 0
1709596800 0 0 0 0
1709510400 0 0 0 0
1709424000 0 0 0 0
1709337600 0 0 0 0
1709251200 0 0 0 0
1709164800 0 0 0 0
1709078400 0 0 0 0
1708992000 0 0 0 0
1708905600 0 0 0 0
1708819200 0 0 0 0
1708732800 0 0 0 0
1708646400 0 0 0 0
1708560000 0 0 0 0
1708473600 0 0 0 0
1708387200 0 0 0 0
1708300800 0 0 0 0
1708214400 0 0 0 0
1708128000 0 0 0 0
1708041600 0 0 0 0
1707955200 0 0 0 0
1707868800 0 0 0 0
1707782400 0 0 0 0
1707696000 0 0 0 0
1707609600 0 0 0 0
1707523200 0 0 0 0
1707436800 0 0 0 0
1707350400 0 0 0 0
1707264000 0 0 0 0
1707177600 0 0 0 0
1707091200 0 0 0 0
1707004800 0 0 0 0
1706918400 0 0 0 0
1706832000 0 0 0 0
1706745600 0 0 0 0
1706659200 0 0 0 0
1706572800 0 0 0 0
1706486400 0 0 0 0
1706400000 0 0 0 0
1706313600 0 0 0 0
1706227200 0 0 0 0
1706140800 0 0 0 0
1706054400 0 0 0 0
1705968000 0 0 0 0
1705881600 0 0 0 0
1705795200 0 0 0 0
